00:48:05: Creating resource group General
00:48:05: Creating resource group Internal
00:48:05: Creating resource group Autodetect
00:48:05: SceneManagerFactory for type 'DefaultSceneManager' registered.
00:48:05: Registering ResourceManager for type Material
00:48:05: Registering ResourceManager for type Mesh
00:48:05: Registering ResourceManager for type Skeleton
00:48:05: MovableObjectFactory for type 'ParticleSystem' registered.
00:48:05: OverlayElementFactory for type Panel registered.
00:48:05: OverlayElementFactory for type BorderPanel registered.
00:48:05: OverlayElementFactory for type TextArea registered.
00:48:05: Registering ResourceManager for type Font
00:48:05: ArchiveFactory for archive type FileSystem registered.
00:48:05: ArchiveFactory for archive type Zip registered.
00:48:05: DDS codec registering
00:48:05: FreeImage version: 3.14.1
00:48:05: This program uses FreeImage, a free, open source image library supporting all common bitmap formats. See http://freeimage.sourceforge.net for details
00:48:05: Supported formats: bmp,ico,jpg,jif,jpeg,jpe,jng,koa,iff,lbm,mng,pbm,pbm,pcd,pcx,pgm,pgm,png,ppm,ppm,ras,tga,targa,tif,tiff,wap,wbmp,wbm,psd,cut,xbm,xpm,gif,hdr,g3,sgi,exr,j2k,j2c,jp2,pfm,pct,pict,pic,bay,bmq,cr2,crw,cs1,dc2,dcr,dng,erf,fff,hdr,k25,kdc,mdc,mos,mrw,nef,orf,pef,pxn,raf,raw,rdc,sr2,srf,arw,3fr,cine,ia,kc2,mef,nrw,qtk,rw2,sti,drf,dsc,ptx,cap,iiq,rwz
00:48:05: Registering ResourceManager for type HighLevelGpuProgram
00:48:05: Registering ResourceManager for type Compositor
00:48:05: MovableObjectFactory for type 'Entity' registered.
00:48:05: MovableObjectFactory for type 'Light' registered.
00:48:05: MovableObjectFactory for type 'BillboardSet' registered.
00:48:05: MovableObjectFactory for type 'ManualObject' registered.
00:48:05: MovableObjectFactory for type 'BillboardChain' registered.
00:48:05: MovableObjectFactory for type 'RibbonTrail' registered.
00:48:05: Loading library RenderSystem_GL
00:48:05: Installing plugin: GL RenderSystem
00:48:05: OpenGL Rendering Subsystem created.
00:48:05: Plugin successfully installed
00:48:05: *-*-* OGRE Initialising
00:48:05: *-*-* Version 1.7.2 (Cthugha)
00:48:05: CPU Identifier & Features
00:48:05: -------------------------
00:48:05:  *   CPU ID: GenuineIntel: Intel(R) Core(TM)2 Duo CPU     L9600  @ 2.13GHz
00:48:05:  *      SSE: yes
00:48:05:  *     SSE2: yes
00:48:05:  *     SSE3: yes
00:48:05:  *      MMX: yes
00:48:05:  *   MMXEXT: yes
00:48:05:  *    3DNOW: no
00:48:05:  * 3DNOWEXT: no
00:48:05:  *     CMOV: yes
00:48:05:  *      TSC: yes
00:48:05:  *      FPU: yes
00:48:05:  *      PRO: yes
00:48:05:  *       HT: no
00:48:05: -------------------------
00:48:05: ********************************************
***  Starting Mac OS X OpenGL Subsystem  ***
********************************************
00:48:05: GLRenderSystem::_createRenderWindow "ogre window", 0x0 windowed  miscParams: externalWindowHandle=4329649744 macAPI=cocoa 
00:48:05: Creating a Cocoa Compatible Render System
00:48:05: Mac Cocoa Window: Rendering on an external OgreView*
00:48:05: GL_VERSION = 2.1 NVIDIA-1.6.26
00:48:05: GL_VENDOR = NVIDIA Corporation
00:48:05: GL_RENDERER = NVIDIA GeForce 320M OpenGL Engine
00:48:05: GL_EXTENSIONS = GL_ARB_transpose_matrix GL_ARB_vertex_program GL_ARB_vertex_blend GL_ARB_window_pos GL_ARB_shader_objects GL_ARB_vertex_shader GL_ARB_shading_language_100 GL_EXT_multi_draw_arrays GL_EXT_clip_volume_hint GL_EXT_rescale_normal GL_EXT_draw_range_elements GL_EXT_fog_coord GL_EXT_gpu_program_parameters GL_EXT_geometry_shader4 GL_EXT_transform_feedback GL_APPLE_client_storage GL_APPLE_specular_vector GL_APPLE_transform_hint GL_APPLE_packed_pixels GL_APPLE_fence GL_APPLE_vertex_array_object GL_APPLE_vertex_program_evaluators GL_APPLE_element_array GL_APPLE_flush_render GL_APPLE_aux_depth_stencil GL_NV_texgen_reflection GL_NV_light_max_exponent GL_IBM_rasterpos_clip GL_SGIS_generate_mipmap GL_ARB_imaging GL_ARB_point_parameters GL_ARB_texture_env_crossbar GL_ARB_texture_border_clamp GL_ARB_multitexture GL_ARB_texture_env_add GL_ARB_texture_cube_map GL_ARB_texture_env_dot3 GL_ARB_multisample GL_ARB_texture_env_combine GL_ARB_texture_compression GL_ARB_texture_mirrored_repeat GL_ARB_shadow GL_ARB_depth_texture GL_ARB_fragment_program GL_ARB_fragment_program_shadow GL_ARB_fragment_shader GL_ARB_occlusion_query GL_ARB_point_sprite GL_ARB_texture_non_power_of_two GL_ARB_vertex_buffer_object GL_ARB_pixel_buffer_object GL_ARB_draw_buffers GL_ARB_shader_texture_lod GL_ARB_color_buffer_float GL_ARB_half_float_vertex GL_ARB_texture_rg GL_ARB_texture_compression_rgtc GL_ARB_framebuffer_object GL_EXT_compiled_vertex_array GL_EXT_draw_buffers2 GL_EXT_framebuffer_object GL_EXT_framebuffer_blit GL_EXT_framebuffer_multisample GL_EXT_texture_rectangle GL_ARB_texture_rectangle GL_EXT_texture_env_add GL_EXT_blend_color GL_EXT_blend_minmax GL_EXT_blend_subtract GL_EXT_texture_lod_bias GL_EXT_abgr GL_EXT_bgra GL_EXT_stencil_wrap GL_EXT_texture_filter_anisotropic GL_EXT_secondary_color GL_EXT_blend_func_separate GL_EXT_shadow_funcs GL_EXT_stencil_two_side GL_EXT_depth_bounds_test GL_EXT_texture_compression_s3tc GL_EXT_texture_compression_dxt1 GL_EXT_texture_sRGB GL_EXT_blend_equation_separate GL_EXT_texture_mirror_clamp GL_EXT_packed_depth_stencil GL_EXT_bindable_uniform GL_EXT_texture_integer GL_EXT_gpu_shader4 GL_EXT_framebuffer_sRGB GL_EXT_provoking_vertex GL_APPLE_flush_buffer_range GL_APPLE_ycbcr_422 GL_APPLE_rgb_422 GL_APPLE_vertex_array_range GL_APPLE_texture_range GL_APPLE_float_pixels GL_ATI_texture_float GL_ARB_texture_float GL_ARB_half_float_pixel GL_APPLE_pixel_buffer GL_APPLE_object_purgeable GL_NV_point_sprite GL_NV_blend_square GL_NV_fog_distance GL_NV_depth_clamp GL_NV_multisample_filter_hint GL_NV_fragment_program_option GL_NV_fragment_program2 GL_NV_vertex_program2_option GL_NV_vertex_program3 GL_NV_conditional_render GL_ATI_texture_mirror_once GL_ATI_texture_env_combine3 GL_ATI_separate_stencil GL_SGIS_texture_edge_clamp GL_SGIS_texture_lod GL_EXT_texture_array GL_EXT_vertex_array_bgra GL_ARB_instanced_arrays GL_ARB_depth_buffer_float GL_EXT_packed_float GL_EXT_texture_shared_exponent 
00:48:05: ***************************
00:48:05: *** GL Renderer Started ***
00:48:05: ***************************
00:48:05: Registering ResourceManager for type GpuProgram
00:48:05: GLSL support detected
00:48:05: GL: Using GL_EXT_framebuffer_object for rendering to textures (best)
00:48:05: FBO PF_UNKNOWN depth/stencil support: D16S0 D24S0 D32S0 Packed-D24S8 
00:48:05: FBO PF_R5G6B5 depth/stencil support: D0S0 D16S0 D24S0 D32S0 Packed-D24S8 
00:48:05: FBO PF_B5G6R5 depth/stencil support: D0S0 D16S0 D24S0 D32S0 Packed-D24S8 
00:48:05: FBO PF_R8G8B8 depth/stencil support: D0S0 D16S0 D24S0 D32S0 Packed-D24S8 
00:48:05: FBO PF_B8G8R8 depth/stencil support: D0S0 D16S0 D24S0 D32S0 Packed-D24S8 
00:48:05: FBO PF_A8R8G8B8 depth/stencil support: D0S0 D16S0 D24S0 D32S0 Packed-D24S8 
00:48:05: FBO PF_B8G8R8A8 depth/stencil support: D0S0 D16S0 D24S0 D32S0 Packed-D24S8 
00:48:05: FBO PF_A2R10G10B10 depth/stencil support: D0S0 D16S0 D24S0 D32S0 Packed-D24S8 
00:48:05: FBO PF_A2B10G10R10 depth/stencil support: D0S0 D16S0 D24S0 D32S0 Packed-D24S8 
00:48:05: FBO PF_FLOAT16_RGB depth/stencil support: D0S0 D16S0 D24S0 D32S0 Packed-D24S8 
00:48:05: FBO PF_FLOAT16_RGBA depth/stencil support: D0S0 D16S0 D24S0 D32S0 Packed-D24S8 
00:48:05: FBO PF_FLOAT32_RGB depth/stencil support: D0S0 D16S0 D24S0 D32S0 Packed-D24S8 
00:48:05: FBO PF_FLOAT32_RGBA depth/stencil support: D0S0 D16S0 D24S0 D32S0 Packed-D24S8 
00:48:05: FBO PF_X8R8G8B8 depth/stencil support: D0S0 D16S0 D24S0 D32S0 Packed-D24S8 
00:48:05: FBO PF_X8B8G8R8 depth/stencil support: D0S0 D16S0 D24S0 D32S0 Packed-D24S8 
00:48:05: FBO PF_SHORT_RGBA depth/stencil support: D0S0 D16S0 D24S0 D32S0 Packed-D24S8 
00:48:05: FBO PF_R3G3B2 depth/stencil support: D0S0 D16S0 D24S0 D32S0 Packed-D24S8 
00:48:05: FBO PF_SHORT_RGB depth/stencil support: D0S0 D16S0 D24S0 D32S0 Packed-D24S8 
00:48:05: [GL] : Valid FBO targets PF_UNKNOWN PF_R5G6B5 PF_B5G6R5 PF_R8G8B8 PF_B8G8R8 PF_A8R8G8B8 PF_B8G8R8A8 PF_A2R10G10B10 PF_A2B10G10R10 PF_FLOAT16_RGB PF_FLOAT16_RGBA PF_FLOAT32_RGB PF_FLOAT32_RGBA PF_X8R8G8B8 PF_X8B8G8R8 PF_SHORT_RGBA PF_R3G3B2 PF_SHORT_RGB 
00:48:05: RenderSystem capabilities
00:48:05: -------------------------
00:48:05: RenderSystem Name: OpenGL Rendering Subsystem
00:48:05: GPU Vendor: nvidia
00:48:05: Device Name: NVIDIA GeForce 320M OpenGL Engine
00:48:05: Driver Version: 2.1.0.0
00:48:05:  * Fixed function pipeline: yes
00:48:05:  * Hardware generation of mipmaps: yes
00:48:05:  * Texture blending: yes
00:48:05:  * Anisotropic texture filtering: yes
00:48:05:  * Dot product texture operation: yes
00:48:05:  * Cube mapping: yes
00:48:05:  * Hardware stencil buffer: yes
00:48:05:    - Stencil depth: 8
00:48:05:    - Two sided stencil support: yes
00:48:05:    - Wrap stencil values: yes
00:48:05:  * Hardware vertex / index buffers: yes
00:48:05:  * Vertex programs: yes
00:48:05:  * Number of floating-point constants for vertex programs: 1024
00:48:05:  * Number of integer constants for vertex programs: 0
00:48:05:  * Number of boolean constants for vertex programs: 0
00:48:05:  * Fragment programs: yes
00:48:05:  * Number of floating-point constants for fragment programs: 1024
00:48:05:  * Number of integer constants for fragment programs: 0
00:48:05:  * Number of boolean constants for fragment programs: 0
00:48:05:  * Geometry programs: yes
00:48:05:  * Number of floating-point constants for geometry programs: 1024
00:48:05:  * Number of integer constants for geometry programs: 0
00:48:05:  * Number of boolean constants for geometry programs: 0
00:48:05:  * Supported Shader Profiles: arbfp1 arbvp1 fp30 fp40 glsl gp4gp gpu_gp nvgp4 vp30 vp40
00:48:05:  * Texture Compression: yes
00:48:05:    - DXT: yes
00:48:05:    - VTC: no
00:48:05:    - PVRTC: no
00:48:05:  * Scissor Rectangle: yes
00:48:05:  * Hardware Occlusion Query: yes
00:48:05:  * User clip planes: yes
00:48:05:  * VET_UBYTE4 vertex element type: yes
00:48:05:  * Infinite far plane projection: yes
00:48:05:  * Hardware render-to-texture: yes
00:48:05:  * Floating point textures: yes
00:48:05:  * Non-power-of-two textures: yes
00:48:05:  * Volume textures: yes
00:48:05:  * Multiple Render Targets: 8
00:48:05:    - With different bit depths: yes
00:48:05:  * Point Sprites: yes
00:48:05:  * Extended point parameters: yes
00:48:05:  * Max Point Size: 63.375
00:48:05:  * Vertex texture fetch: yes
00:48:05:  * Number of world matrices: 0
00:48:05:  * Number of texture units: 16
00:48:05:  * Stencil buffer depth: 8
00:48:05:  * Number of vertex blend matrices: 0
00:48:05:    - Max vertex textures: 16
00:48:05:    - Vertex textures shared: yes
00:48:05:  * Render to Vertex Buffer : no
00:48:05:  * GL 1.5 without VBO workaround: no
00:48:05:  * Frame Buffer objects: yes
00:48:05:  * Frame Buffer objects (ARB extension): no
00:48:05:  * Frame Buffer objects (ATI extension): no
00:48:05:  * PBuffer support: yes
00:48:05:  * GL 1.5 without HW-occlusion workaround: no
00:48:05: Registering ResourceManager for type Texture
00:48:05: DefaultWorkQueue('Root') initialising on thread main.
00:48:05: Particle Renderer Type 'billboard' registered
00:48:05: Added resource location '/Users/arjunprakash/Working/Development/TowerOfHanoi/build/Debug/TowerOfHanoi.app/Contents/Resources' of type 'FileSystem' to resource group 'General'
00:48:05: Parsing scripts for resource group Autodetect
00:48:05: Finished parsing scripts for resource group Autodetect
00:48:05: Parsing scripts for resource group General
00:48:05: Parsing script knot.material
00:48:05: Parsing script Pole.material
00:48:05: Parsing script Ring01.material
00:48:05: Parsing script Ring02.material
00:48:05: Parsing script Ring03.material
00:48:05: Parsing script Ring04.material
00:48:05: Parsing script Ring05.material
00:48:05: Parsing script Ring06.material
00:48:05: Parsing script Ring07.material
00:48:05: Parsing script Ring08.material
00:48:05: Parsing script Ring09.material
00:48:05: Parsing script Ring10.material
00:48:05: Finished parsing scripts for resource group General
00:48:05: Parsing scripts for resource group Internal
00:48:05: Finished parsing scripts for resource group Internal
00:48:05: Mesh: Loading knot.mesh.
00:48:05: Texture: MtlPlat2.jpg: Loading 1 faces(PF_R8G8B8,50x50x1) with 5 hardware generated mipmaps from Image. Internal format is PF_X8R8G8B8,50x50x1.
00:48:05: Mesh: Loading Pole.mesh.
00:48:05: Mesh: Loading Ring01.mesh.
00:48:05: Texture: Ring01.jpg: Loading 1 faces(PF_R8G8B8,50x50x1) with 5 hardware generated mipmaps from Image. Internal format is PF_X8R8G8B8,50x50x1.
00:48:05: Mesh: Loading Ring02.mesh.
00:48:05: Texture: Ring02.jpg: Loading 1 faces(PF_R8G8B8,50x50x1) with 5 hardware generated mipmaps from Image. Internal format is PF_X8R8G8B8,50x50x1.
00:48:05: Mesh: Loading Ring03.mesh.
00:48:05: Texture: Ring03.jpg: Loading 1 faces(PF_R8G8B8,50x50x1) with 5 hardware generated mipmaps from Image. Internal format is PF_X8R8G8B8,50x50x1.
00:48:05: Mesh: Loading Ring04.mesh.
00:48:05: Texture: Ring04.jpg: Loading 1 faces(PF_R8G8B8,50x50x1) with 5 hardware generated mipmaps from Image. Internal format is PF_X8R8G8B8,50x50x1.
00:48:05: Mesh: Loading Ring05.mesh.
00:48:05: Texture: Ring05.jpg: Loading 1 faces(PF_R8G8B8,50x50x1) with 5 hardware generated mipmaps from Image. Internal format is PF_X8R8G8B8,50x50x1.
00:48:05: Mesh: Loading Ring06.mesh.
00:48:05: Texture: Ring06.jpg: Loading 1 faces(PF_R8G8B8,50x50x1) with 5 hardware generated mipmaps from Image. Internal format is PF_X8R8G8B8,50x50x1.
00:48:05: Mesh: Loading Ring07.mesh.
00:48:05: Texture: Ring07.jpg: Loading 1 faces(PF_R8G8B8,50x50x1) with 5 hardware generated mipmaps from Image. Internal format is PF_X8R8G8B8,50x50x1.
00:48:05: Mesh: Loading Ring08.mesh.
00:48:05: Texture: Ring08.jpg: Loading 1 faces(PF_R8G8B8,50x50x1) with 5 hardware generated mipmaps from Image. Internal format is PF_X8R8G8B8,50x50x1.
00:48:05: Mesh: Loading Ring09.mesh.
00:48:05: Texture: Ring09.jpg: Loading 1 faces(PF_R8G8B8,50x50x1) with 5 hardware generated mipmaps from Image. Internal format is PF_X8R8G8B8,50x50x1.
00:48:05: Mesh: Loading Ring10.mesh.
00:48:05: Texture: Ring10.jpg: Loading 1 faces(PF_R8G8B8,50x50x1) with 5 hardware generated mipmaps from Image. Internal format is PF_X8R8G8B8,50x50x1.
